2019-04-15 15:22:58 15504 [Note] InnoDB: Mutexes and rw_locks use Windows interlocked functions
2019-04-15 15:22:58 15504 [Note] InnoDB: Uses event mutexes
2019-04-15 15:22:58 15504 [Note] InnoDB: Compressed tables use zlib 1.2.3
2019-04-15 15:22:58 15504 [Note] InnoDB: Number of pools: 1
2019-04-15 15:22:58 15504 [Note] InnoDB: Using SSE2 crc32 instructions
2019-04-15 15:22:58 15504 [Note] InnoDB: Initializing buffer pool, total size = 128M, instances = 1, chunk size = 128M
2019-04-15 15:22:58 15504 [Note] InnoDB: Completed initialization of buffer pool
2019-04-15 15:22:58 15504 [Note] InnoDB: The first innodb_system data file 'ibdata1' did not exist. A new tablespace will be created!
2019-04-15 15:22:58 15504 [Note] InnoDB: Setting file '.\ibdata1' size to 12 MB. Physically writing the file full; Please wait ...
2019-04-15 15:22:58 15504 [Note] InnoDB: File '.\ibdata1' size is now 12 MB.
2019-04-15 15:22:58 15504 [Note] InnoDB: Setting log file .\ib_logfile101 size to 50331648 bytes
2019-04-15 15:22:58 15504 [Note] InnoDB: Setting log file .\ib_logfile1 size to 50331648 bytes
2019-04-15 15:22:59 15504 [Note] InnoDB: Renaming log file .\ib_logfile101 to .\ib_logfile0
2019-04-15 15:22:59 15504 [Note] InnoDB: New log files created, LSN=45790
2019-04-15 15:22:59 15504 [Note] InnoDB: Doublewrite buffer not found: creating new
2019-04-15 15:22:59 15504 [Note] InnoDB: Doublewrite buffer created
2019-04-15 15:22:59 15504 [Note] InnoDB: 128 out of 128 rollback segments are active.
2019-04-15 15:22:59 15504 [Note] InnoDB: Creating foreign key constraint system tables.
2019-04-15 15:22:59 15504 [Note] InnoDB: Creating tablespace and datafile system tables.
2019-04-15 15:22:59 15504 [Note] InnoDB: Creating sys_virtual system tables.
2019-04-15 15:22:59 15504 [Note] InnoDB: Creating shared tablespace for temporary tables
2019-04-15 15:22:59 15504 [Note] InnoDB: Setting file '.\ibtmp1' size to 12 MB. Physically writing the file full; Please wait ...
2019-04-15 15:22:59 15504 [Note] InnoDB: File '.\ibtmp1' size is now 12 MB.
2019-04-15 15:22:59 15504 [Note] InnoDB: Waiting for purge to start
2019-04-15 15:22:59 15504 [Note] InnoDB: 5.7.20 started; log sequence number 0
2019-04-15 15:22:59 15504 [Note] Plugin 'FEEDBACK' is disabled.
2019-04-15 15:24:10 7776 [Note] InnoDB: Mutexes and rw_locks use Windows interlocked functions
2019-04-15 15:24:10 7776 [Note] InnoDB: Uses event mutexes
2019-04-15 15:24:10 7776 [Note] InnoDB: Compressed tables use zlib 1.2.3
2019-04-15 15:24:10 7776 [Note] InnoDB: Number of pools: 1
2019-04-15 15:24:10 7776 [Note] InnoDB: Using SSE2 crc32 instructions
2019-04-15 15:24:10 7776 [Note] InnoDB: Initializing buffer pool, total size = 128M, instances = 1, chunk size = 128M
2019-04-15 15:24:10 7776 [Note] InnoDB: Completed initialization of buffer pool
2019-04-15 15:24:10 7776 [ERROR] InnoDB: The innodb_system data file 'ibdata1' must be writable
2019-04-15 15:24:10 7776 [ERROR] InnoDB: The innodb_system data file 'ibdata1' must be writable
2019-04-15 15:24:10 7776 [ERROR] InnoDB: Plugin initialization aborted with error Generic error
2019-04-15 15:24:11 7776 [Note] InnoDB: Starting shutdown...
2019-04-15 15:24:11 7776 [ERROR] Plugin 'InnoDB' init function returned error.
2019-04-15 15:24:11 7776 [ERROR] Plugin 'InnoDB' registration as a STORAGE ENGINE failed.
2019-04-15 15:24:11 7776 [Note] Plugin 'FEEDBACK' is disabled.
2019-04-15 15:39:48 8484 [Note] InnoDB: Mutexes and rw_locks use Windows interlocked functions
2019-04-15 15:39:48 8484 [Note] InnoDB: Uses event mutexes
2019-04-15 15:39:48 8484 [Note] InnoDB: Compressed tables use zlib 1.2.3
2019-04-15 15:39:48 8484 [Note] InnoDB: Number of pools: 1
2019-04-15 15:39:48 8484 [Note] InnoDB: Using SSE2 crc32 instructions
2019-04-15 15:39:48 8484 [Note] InnoDB: Initializing buffer pool, total size = 128M, instances = 1, chunk size = 128M
2019-04-15 15:39:48 8484 [Note] InnoDB: Completed initialization of buffer pool
2019-04-15 15:39:48 8484 [Note] InnoDB: Highest supported file format is Barracuda.
2019-04-15 15:39:48 8484 [Note] InnoDB: Starting crash recovery from checkpoint LSN=2220316
2019-04-15 15:39:49 8484 [Note] InnoDB: 128 out of 128 rollback segments are active.
2019-04-15 15:39:49 8484 [Note] InnoDB: Removed temporary tablespace data file: "ibtmp1"
2019-04-15 15:39:49 8484 [Note] InnoDB: Creating shared tablespace for temporary tables
2019-04-15 15:39:49 8484 [Note] InnoDB: Setting file '.\ibtmp1' size to 12 MB. Physically writing the file full; Please wait ...
2019-04-15 15:39:49 8484 [Note] InnoDB: File '.\ibtmp1' size is now 12 MB.
2019-04-15 15:39:49 8484 [Note] InnoDB: Waiting for purge to start
2019-04-15 15:39:49 8484 [Note] InnoDB: 5.7.20 started; log sequence number 2220325
2019-04-15 15:39:49 11376 [Note] InnoDB: Loading buffer pool(s) from C:\Users\gabri_p\Desktop\Ramon\Exemplos\GerenciadorDeVendas\data\ib_buffer_pool
2019-04-15 15:39:49 11376 [Note] InnoDB: Buffer pool(s) load completed at 190415 15:39:49
2019-04-15 15:39:49 8484 [Note] Plugin 'FEEDBACK' is disabled.
2019-04-15 15:44:17 13644 [Note] InnoDB: Mutexes and rw_locks use Windows interlocked functions
2019-04-15 15:44:17 13644 [Note] InnoDB: Uses event mutexes
2019-04-15 15:44:17 13644 [Note] InnoDB: Compressed tables use zlib 1.2.3
2019-04-15 15:44:17 13644 [Note] InnoDB: Number of pools: 1
2019-04-15 15:44:17 13644 [Note] InnoDB: Using SSE2 crc32 instructions
2019-04-15 15:44:17 13644 [Note] InnoDB: Initializing buffer pool, total size = 128M, instances = 1, chunk size = 128M
2019-04-15 15:44:17 13644 [Note] InnoDB: Completed initialization of buffer pool
2019-04-15 15:44:17 13644 [Note] InnoDB: Highest supported file format is Barracuda.
2019-04-15 15:44:17 13644 [Note] InnoDB: Starting crash recovery from checkpoint LSN=2285375
2019-04-15 15:44:18 13644 [Note] InnoDB: 128 out of 128 rollback segments are active.
2019-04-15 15:44:18 13644 [Note] InnoDB: Removed temporary tablespace data file: "ibtmp1"
2019-04-15 15:44:18 13644 [Note] InnoDB: Creating shared tablespace for temporary tables
2019-04-15 15:44:18 13644 [Note] InnoDB: Setting file '.\ibtmp1' size to 12 MB. Physically writing the file full; Please wait ...
2019-04-15 15:44:18 13644 [Note] InnoDB: File '.\ibtmp1' size is now 12 MB.
2019-04-15 15:44:18 13644 [Note] InnoDB: Waiting for purge to start
2019-04-15 15:44:18 13644 [Note] InnoDB: 5.7.20 started; log sequence number 2285384
2019-04-15 15:44:18 13476 [Note] InnoDB: Loading buffer pool(s) from C:\Users\gabri_p\Desktop\Ramon\Exemplos\GerenciadorDeVendas\data\ib_buffer_pool
2019-04-15 15:44:18 13476 [Note] InnoDB: Buffer pool(s) load completed at 190415 15:44:18
2019-04-15 15:44:18 13644 [Note] Plugin 'FEEDBACK' is disabled.
2019-04-15 16:01:28 7652 [Note] InnoDB: Mutexes and rw_locks use Windows interlocked functions
2019-04-15 16:01:28 7652 [Note] InnoDB: Uses event mutexes
2019-04-15 16:01:28 7652 [Note] InnoDB: Compressed tables use zlib 1.2.3
2019-04-15 16:01:28 7652 [Note] InnoDB: Number of pools: 1
2019-04-15 16:01:28 7652 [Note] InnoDB: Using SSE2 crc32 instructions
2019-04-15 16:01:28 7652 [Note] InnoDB: Initializing buffer pool, total size = 128M, instances = 1, chunk size = 128M
2019-04-15 16:01:28 7652 [Note] InnoDB: Completed initialization of buffer pool
2019-04-15 16:01:28 7652 [Note] InnoDB: Highest supported file format is Barracuda.
2019-04-15 16:01:28 7652 [Note] InnoDB: Starting crash recovery from checkpoint LSN=2349378
2019-04-15 16:01:28 7652 [Note] InnoDB: 128 out of 128 rollback segments are active.
2019-04-15 16:01:28 7652 [Note] InnoDB: Removed temporary tablespace data file: "ibtmp1"
2019-04-15 16:01:28 7652 [Note] InnoDB: Creating shared tablespace for temporary tables
2019-04-15 16:01:28 7652 [Note] InnoDB: Setting file '.\ibtmp1' size to 12 MB. Physically writing the file full; Please wait ...
2019-04-15 16:01:28 7652 [Note] InnoDB: File '.\ibtmp1' size is now 12 MB.
2019-04-15 16:01:28 7652 [Note] InnoDB: Waiting for purge to start
2019-04-15 16:01:28 7652 [Note] InnoDB: 5.7.20 started; log sequence number 2349387
2019-04-15 16:01:28 10440 [Note] InnoDB: Loading buffer pool(s) from C:\Users\gabri_p\Desktop\Ramon\Exemplos\GerenciadorDeVendas\data\ib_buffer_pool
2019-04-15 16:01:28 10440 [Note] InnoDB: Buffer pool(s) load completed at 190415 16:01:28
2019-04-15 16:01:28 7652 [Note] Plugin 'FEEDBACK' is disabled.
2019-04-15 16:03:31 628 [Note] InnoDB: Mutexes and rw_locks use Windows interlocked functions
2019-04-15 16:03:31 628 [Note] InnoDB: Uses event mutexes
2019-04-15 16:03:31 628 [Note] InnoDB: Compressed tables use zlib 1.2.3
2019-04-15 16:03:31 628 [Note] InnoDB: Number of pools: 1
2019-04-15 16:03:31 628 [Note] InnoDB: Using SSE2 crc32 instructions
2019-04-15 16:03:31 628 [Note] InnoDB: Initializing buffer pool, total size = 128M, instances = 1, chunk size = 128M
2019-04-15 16:03:31 628 [Note] InnoDB: Completed initialization of buffer pool
2019-04-15 16:03:31 628 [Note] InnoDB: Highest supported file format is Barracuda.
2019-04-15 16:03:31 628 [Note] InnoDB: Starting crash recovery from checkpoint LSN=2409706
2019-04-15 16:03:31 628 [Note] InnoDB: 128 out of 128 rollback segments are active.
2019-04-15 16:03:31 628 [Note] InnoDB: Removed temporary tablespace data file: "ibtmp1"
2019-04-15 16:03:31 628 [Note] InnoDB: Creating shared tablespace for temporary tables
2019-04-15 16:03:31 628 [Note] InnoDB: Setting file '.\ibtmp1' size to 12 MB. Physically writing the file full; Please wait ...
2019-04-15 16:03:31 628 [Note] InnoDB: File '.\ibtmp1' size is now 12 MB.
2019-04-15 16:03:31 628 [Note] InnoDB: Waiting for purge to start
2019-04-15 16:03:31 628 [Note] InnoDB: 5.7.20 started; log sequence number 2409715
2019-04-15 16:03:31 13304 [Note] InnoDB: Loading buffer pool(s) from C:\Users\gabri_p\Desktop\Ramon\Exemplos\GerenciadorDeVendas\data\ib_buffer_pool
2019-04-15 16:03:31 13304 [Note] InnoDB: Buffer pool(s) load completed at 190415 16:03:31
2019-04-15 16:03:31 628 [Note] Plugin 'FEEDBACK' is disabled.
2019-04-15 16:06:07 3316 [Note] InnoDB: Mutexes and rw_locks use Windows interlocked functions
2019-04-15 16:06:07 3316 [Note] InnoDB: Uses event mutexes
2019-04-15 16:06:07 3316 [Note] InnoDB: Compressed tables use zlib 1.2.3
2019-04-15 16:06:07 3316 [Note] InnoDB: Number of pools: 1
2019-04-15 16:06:07 3316 [Note] InnoDB: Using SSE2 crc32 instructions
2019-04-15 16:06:07 3316 [Note] InnoDB: Initializing buffer pool, total size = 128M, instances = 1, chunk size = 128M
2019-04-15 16:06:07 3316 [Note] InnoDB: Completed initialization of buffer pool
2019-04-15 16:06:07 3316 [Note] InnoDB: Highest supported file format is Barracuda.
2019-04-15 16:06:07 3316 [Note] InnoDB: Starting crash recovery from checkpoint LSN=2470034
2019-04-15 16:06:07 3316 [Note] InnoDB: 128 out of 128 rollback segments are active.
2019-04-15 16:06:07 3316 [Note] InnoDB: Removed temporary tablespace data file: "ibtmp1"
2019-04-15 16:06:07 3316 [Note] InnoDB: Creating shared tablespace for temporary tables
2019-04-15 16:06:07 3316 [Note] InnoDB: Setting file '.\ibtmp1' size to 12 MB. Physically writing the file full; Please wait ...
2019-04-15 16:06:07 3316 [Note] InnoDB: File '.\ibtmp1' size is now 12 MB.
2019-04-15 16:06:07 3316 [Note] InnoDB: Waiting for purge to start
2019-04-15 16:06:07 3316 [Note] InnoDB: 5.7.20 started; log sequence number 2470043
2019-04-15 16:06:07 14052 [Note] InnoDB: Loading buffer pool(s) from C:\Users\gabri_p\Desktop\Ramon\Exemplos\GerenciadorDeVendas\data\ib_buffer_pool
2019-04-15 16:06:07 14052 [Note] InnoDB: Buffer pool(s) load completed at 190415 16:06:07
2019-04-15 16:06:07 3316 [Note] Plugin 'FEEDBACK' is disabled.
